-------------------------------------------------------------------------------
Test set: ru.javarush.database.AddressBaseTest
-------------------------------------------------------------------------------
Tests run: 1, Failures: 1, Errors: 0, Skipped: 0, Time elapsed: 0.227 s <<< FAILURE! - in ru.javarush.database.AddressBaseTest
ru.javarush.database.AddressBaseTest.getSpeed  Time elapsed: 0.219 s  <<< FAILURE!
org.opentest4j.AssertionFailedError: expected: <6> but was: <100>
	at ru.javarush.database.AddressBaseTest.getSpeed(AddressBaseTest.java:22)

