<?xml version="1.0" encoding="UTF-8"?>
<testsuite xmlns:xsi="http://www.w3.org/2001/XMLSchema-instance" xsi:noNamespaceSchemaLocation="https://maven.apache.org/surefire/maven-surefire-plugin/xsd/surefire-test-report-3.0.xsd" version="3.0" name="ru.javarush.database.AddressBaseTest" time="0.227" tests="1" errors="0" skipped="0" failures="1">
  <properties>
[...]
</properties>
  <testcase name="getSpeed" classname="ru.javarush.database.AddressBaseTest" time="0.219">
    <failure type="org.opentest4j.AssertionFailedError"><![CDATA[org.opentest4j.AssertionFailedError: expected: <6> but was: <100>
	at ru.javarush.database.AddressBaseTest.getSpeed(AddressBaseTest.java:22)
]]></failure>
  </testcase>
</testsuite>